0 verbose cli /Users/user/.nvm/versions/node/v22.20.0/bin/node /Users/user/.nvm/versions/node/v22.20.0/bin/npm
1 info using npm@10.9.3
2 info using node@v22.20.0
3 silly config load:file:/Users/user/.nvm/versions/node/v22.20.0/lib/node_modules/npm/npmrc
4 silly config load:file:/Users/user/backend_node/Inventory_Backend/.npmrc
5 silly config load:file:/Users/user/.npmrc
6 silly config load:file:/Users/user/.nvm/versions/node/v22.20.0/etc/npmrc
7 verbose title npm install
8 verbose argv "install" "--cache" "./npm-cache" "--no-audit" "--no-fund"
9 verbose logfile logs-max:10 dir:/Users/user/backend_node/Inventory_Backend/npm-cache/_logs/2025-10-30T04_30_55_988Z-
10 verbose logfile /Users/user/backend_node/Inventory_Backend/npm-cache/_logs/2025-10-30T04_30_55_988Z-debug-0.log
11 silly logfile done cleaning log files
12 silly packumentCache heap:4345298944 maxSize:1086324736 maxEntrySize:543162368
13 silly idealTree buildDeps
14 silly fetch manifest cors@^2.8.5
15 silly packumentCache full:https://registry.npmjs.org/cors cache-miss
16 http fetch GET 200 https://registry.npmjs.org/cors 239ms (cache miss)
17 silly packumentCache full:https://registry.npmjs.org/cors set size:undefined disposed:false
18 silly fetch manifest dotenv@^16.4.5
19 silly packumentCache full:https://registry.npmjs.org/dotenv cache-miss
20 http fetch GET 200 https://registry.npmjs.org/dotenv 280ms (cache miss)
21 silly packumentCache full:https://registry.npmjs.org/dotenv set size:undefined disposed:false
22 silly placeDep ROOT cors@2.8.5 OK for: ims@1.0.0 want: ^2.8.5
23 silly placeDep ROOT dotenv@16.6.1 REPLACE for: ims@1.0.0 want: ^16.4.5
24 silly fetch manifest object-assign@^4
25 silly packumentCache full:https://registry.npmjs.org/object-assign cache-miss
26 http fetch GET 200 https://registry.npmjs.org/npm 559ms
27 http fetch GET 200 https://registry.npmjs.org/object-assign 81ms (cache miss)
28 silly packumentCache full:https://registry.npmjs.org/object-assign set size:undefined disposed:false
29 silly placeDep ROOT object-assign@4.1.1 OK for: cors@2.8.5 want: ^4
30 silly reify mark retired [ '/Users/user/backend_node/Inventory_Backend/node_modules/dotenv' ]
31 silly reify moves {
31 silly reify   '/Users/user/backend_node/Inventory_Backend/node_modules/dotenv': '/Users/user/backend_node/Inventory_Backend/node_modules/.dotenv-mHFzDMcP'
31 silly reify }
32 http cache object-assign@https://registry.npmjs.org/object-assign/-/object-assign-4.1.1.tgz 0ms (cache hit)
33 http cache dotenv@https://registry.npmjs.org/dotenv/-/dotenv-16.6.1.tgz 0ms (cache hit)
34 http cache cors@https://registry.npmjs.org/cors/-/cors-2.8.5.tgz 0ms (cache hit)
35 silly tarball no local data for object-assign@https://registry.npmjs.org/object-assign/-/object-assign-4.1.1.tgz. Extracting by manifest.
36 silly tarball no local data for dotenv@https://registry.npmjs.org/dotenv/-/dotenv-16.6.1.tgz. Extracting by manifest.
37 silly tarball no local data for cors@https://registry.npmjs.org/cors/-/cors-2.8.5.tgz. Extracting by manifest.
38 http fetch GET 200 https://registry.npmjs.org/dotenv/-/dotenv-16.6.1.tgz 76ms (cache miss)
39 http fetch GET 200 https://registry.npmjs.org/object-assign/-/object-assign-4.1.1.tgz 84ms (cache miss)
40 http fetch GET 200 https://registry.npmjs.org/cors/-/cors-2.8.5.tgz 103ms (cache miss)
41 silly ADD node_modules/object-assign
42 silly ADD node_modules/cors
43 silly CHANGE node_modules/dotenv
44 verbose cwd /Users/user/backend_node/Inventory_Backend
45 verbose os Darwin 25.0.0
46 verbose node v22.20.0
47 verbose npm  v10.9.3
48 notice
48 notice New major version of npm available! 10.9.3 -> 11.6.2
48 notice Changelog: https://github.com/npm/cli/releases/tag/v11.6.2
48 notice To update run: npm install -g npm@11.6.2
48 notice  { force: true, [Symbol(proc-log.meta)]: true }
49 verbose exit 0
50 info ok
